Build started 10/1/2013 3:41:06 AM.
     1>Project "C:\CommonOpenGL\Graphics_proj1\Graphics_proj1\Graphics_proj1.vcxproj" on node 2 (build target(s)).
     1>InitializeBuildStatus:
         Creating "Debug\Graphics_proj1.unsuccessfulbuild" because "AlwaysCreate" was specified.
       ClCompile:
         c:\Program Files (x86)\Microsoft Visual Studio 10.0\VC\bin\CL.exe /c /ZI /nologo /W3 /WX- /Od /Oy- /D _MBCS /Gm /EHsc /RTC1 /MDd /GS /fp:precise /Zc:wchar_t /Zc:forScope /Fo"Debug\\" /Fd"Debug\vc100.pdb" /Gd /TP /analyze- /errorReport:prompt main.cpp
         main.cpp
     1>c:\commonopengl\graphics_proj1\graphics_proj1\angel.h(63): warning C4305: 'initializing' : truncation from 'double' to 'const GLfloat'
     1>c:\commonopengl\graphics_proj1\graphics_proj1\mat.h(698): warning C4244: '=' : conversion from 'double' to 'GLfloat', possible loss of data
     1>c:\commonopengl\graphics_proj1\graphics_proj1\mat.h(699): warning C4244: '=' : conversion from 'double' to 'GLfloat', possible loss of data
     1>c:\commonopengl\graphics_proj1\graphics_proj1\mat.h(700): warning C4244: '=' : conversion from 'double' to 'GLfloat', possible loss of data
     1>c:\commonopengl\graphics_proj1\graphics_proj1\mat.h(721): warning C4244: '=' : conversion from 'double' to 'GLfloat', possible loss of data
     1>c:\commonopengl\graphics_proj1\graphics_proj1\mat.h(723): warning C4244: '=' : conversion from 'double' to 'GLfloat', possible loss of data
     1>c:\commonopengl\graphics_proj1\graphics_proj1\mat.h(726): warning C4244: '=' : conversion from 'double' to 'GLfloat', possible loss of data
     1>c:\commonopengl\graphics_proj1\graphics_proj1\mat.h(743): warning C4244: '=' : conversion from 'double' to 'GLfloat', possible loss of data
     1>c:\commonopengl\graphics_proj1\graphics_proj1\main.cpp(192): warning C4305: 'argument' : truncation from 'double' to 'GLfloat'
     1>c:\commonopengl\graphics_proj1\graphics_proj1\main.cpp(192): warning C4305: 'argument' : truncation from 'double' to 'GLfloat'
     1>c:\commonopengl\graphics_proj1\graphics_proj1\main.cpp(193): warning C4305: 'argument' : truncation from 'double' to 'GLfloat'
     1>c:\commonopengl\graphics_proj1\graphics_proj1\main.cpp(193): warning C4305: 'argument' : truncation from 'double' to 'GLfloat'
     1>c:\commonopengl\graphics_proj1\graphics_proj1\main.cpp(193): warning C4305: 'argument' : truncation from 'double' to 'GLfloat'
     1>c:\commonopengl\graphics_proj1\graphics_proj1\main.cpp(194): warning C4305: 'argument' : truncation from 'double' to 'GLfloat'
     1>c:\commonopengl\graphics_proj1\graphics_proj1\main.cpp(194): warning C4305: 'argument' : truncation from 'double' to 'GLfloat'
     1>c:\commonopengl\graphics_proj1\graphics_proj1\main.cpp(194): warning C4305: 'argument' : truncation from 'double' to 'GLfloat'
     1>c:\commonopengl\graphics_proj1\graphics_proj1\main.cpp(336): warning C4305: '+=' : truncation from 'double' to 'GLfloat'
       Link:
         c:\Program Files (x86)\Microsoft Visual Studio 10.0\VC\bin\link.exe /ERRORREPORT:PROMPT /OUT:"C:\CommonOpenGL\Graphics_proj1\Debug\Graphics_proj1.exe" /NOLOGO kernel32.lib user32.lib gdi32.lib winspool.lib comdlg32.lib advapi32.lib shell32.lib ole32.lib oleaut32.lib uuid.lib odbc32.lib odbccp32.lib /MANIFEST /ManifestFile:"Debug\Graphics_proj1.exe.intermediate.manifest" /MANIFESTUAC:"level='asInvoker' uiAccess='false'" /DEBUG /PDB:"C:\CommonOpenGL\Graphics_proj1\Debug\Graphics_proj1.pdb" /TLBID:1 /DYNAMICBASE /NXCOMPAT /IMPLIB:"C:\CommonOpenGL\Graphics_proj1\Debug\Graphics_proj1.lib" /MACHINE:X86 Debug\InitShader.obj
         Debug\main.obj
         Debug\MyCube.obj
         LINK : C:\CommonOpenGL\Graphics_proj1\Debug\Graphics_proj1.exe not found or not built by the last incremental link; performing full link
         Graphics_proj1.vcxproj -> C:\CommonOpenGL\Graphics_proj1\Debug\Graphics_proj1.exe
       Manifest:
         C:\Program Files (x86)\Microsoft SDKs\Windows\v7.0A\bin\mt.exe /nologo /verbose /outputresource:"C:\CommonOpenGL\Graphics_proj1\Debug\Graphics_proj1.exe;#1" /manifest Debug\Graphics_proj1.exe.intermediate.manifest
       FinalizeBuildStatus:
         Deleting file "Debug\Graphics_proj1.unsuccessfulbuild".
         Touching "Debug\Graphics_proj1.lastbuildstate".
     1>Done Building Project "C:\CommonOpenGL\Graphics_proj1\Graphics_proj1\Graphics_proj1.vcxproj" (build target(s)).

Build succeeded.

Time Elapsed 00:00:00.98
