Build started 10/14/2013 9:17:43 PM.
     1>Project "C:\CommonOpenGL\proj3\proj3\proj3.vcxproj" on node 2 (build target(s)).
     1>InitializeBuildStatus:
         Creating "Debug\proj3.unsuccessfulbuild" because "AlwaysCreate" was specified.
       ClCompile:
         c:\Program Files (x86)\Microsoft Visual Studio 10.0\VC\bin\CL.exe /c /ZI /nologo /W3 /WX- /Od /Oy- /D _MBCS /Gm /EHsc /RTC1 /MDd /GS /fp:precise /Zc:wchar_t /Zc:forScope /Fo"Debug\\" /Fd"Debug\vc100.pdb" /Gd /TP /analyze- /errorReport:prompt main.cpp
         main.cpp
     1>c:\commonopengl\proj3\proj3\angel.h(63): warning C4305: 'initializing' : truncation from 'double' to 'const GLfloat'
     1>c:\commonopengl\proj3\proj3\mat.h(698): warning C4244: '=' : conversion from 'double' to 'GLfloat', possible loss of data
     1>c:\commonopengl\proj3\proj3\mat.h(699): warning C4244: '=' : conversion from 'double' to 'GLfloat', possible loss of data
     1>c:\commonopengl\proj3\proj3\mat.h(700): warning C4244: '=' : conversion from 'double' to 'GLfloat', possible loss of data
     1>c:\commonopengl\proj3\proj3\mat.h(721): warning C4244: '=' : conversion from 'double' to 'GLfloat', possible loss of data
     1>c:\commonopengl\proj3\proj3\mat.h(723): warning C4244: '=' : conversion from 'double' to 'GLfloat', possible loss of data
     1>c:\commonopengl\proj3\proj3\mat.h(726): warning C4244: '=' : conversion from 'double' to 'GLfloat', possible loss of data
     1>c:\commonopengl\proj3\proj3\mat.h(743): warning C4244: '=' : conversion from 'double' to 'GLfloat', possible loss of data
     1>c:\commonopengl\proj3\proj3\main.cpp(88): warning C4305: '+=' : truncation from 'double' to 'GLfloat'
       Link:
         c:\Program Files (x86)\Microsoft Visual Studio 10.0\VC\bin\link.exe /ERRORREPORT:PROMPT /OUT:"C:\CommonOpenGL\proj3\Debug\proj3.exe" /NOLOGO kernel32.lib user32.lib gdi32.lib winspool.lib comdlg32.lib advapi32.lib shell32.lib ole32.lib oleaut32.lib uuid.lib odbc32.lib odbccp32.lib /MANIFEST /ManifestFile:"Debug\proj3.exe.intermediate.manifest" /MANIFESTUAC:"level='asInvoker' uiAccess='false'" /DEBUG /PDB:"C:\CommonOpenGL\proj3\Debug\proj3.pdb" /TLBID:1 /DYNAMICBASE /NXCOMPAT /IMPLIB:"C:\CommonOpenGL\proj3\Debug\proj3.lib" /MACHINE:X86 Debug\InitShader.obj
         Debug\main.obj
         Debug\Model.obj
         LINK : C:\CommonOpenGL\proj3\Debug\proj3.exe not found or not built by the last incremental link; performing full link
         proj3.vcxproj -> C:\CommonOpenGL\proj3\Debug\proj3.exe
       Manifest:
         C:\Program Files (x86)\Microsoft SDKs\Windows\v7.0A\bin\mt.exe /nologo /verbose /outputresource:"C:\CommonOpenGL\proj3\Debug\proj3.exe;#1" /manifest Debug\proj3.exe.intermediate.manifest
       FinalizeBuildStatus:
         Deleting file "Debug\proj3.unsuccessfulbuild".
         Touching "Debug\proj3.lastbuildstate".
     1>Done Building Project "C:\CommonOpenGL\proj3\proj3\proj3.vcxproj" (build target(s)).

Build succeeded.

Time Elapsed 00:00:01.00
